<?xml version="1.0" encoding="UTF-8"?>
<!-- Generated by org.testng.reporters.JUnitReportReporter -->
<testsuite hostname="FEUJI-V012D" failures="0" tests="3" name="com.podcast.PodcastApp" time="89.289" errors="0" timestamp="2024-01-30T12:34:21 IST" skipped="0">
  <testcase classname="com.podcast.PodcastApp" name="welcomePage" time="26.738"/>
  <system-out/>
  <testcase classname="com.podcast.PodcastApp" name="addingFavorites" time="11.382"/>
  <system-out/>
  <testcase classname="com.podcast.PodcastApp" name="AddingListenLater" time="51.169"/>
  <system-out/>
</testsuite> <!-- com.podcast.PodcastApp -->
